{"name": "Первый тест", "status": "broken", "statusDetails": {"message": "selenium.common.exceptions.TimeoutException: Message: \n            failed while waiting 4 seconds\n            to assert ExactText\n            for first_by('css selector', '.user-head__username')\n\n            reason: ConditionMismatchException: condition did not match\n            \texpected: test\n            \t  actual: autotestnameKQIBQFKCOA\n            screenshot: file:///home/aero/.selene/screenshots/1562189085929/screen_1562189085930.png", "trace": "entity = <selenium.webdriver.remote.webelement.WebElement (session=\"c715cfaafd90ffe386f98c2bffd0039e\", element=\"dfafb9ab-ea32-4c88-9fed-81aa772125dd\")>\ncondition = <selene.conditions.ExactText object at 0x7f0271b00390>, timeout = 4, polling = 0.1\n\n    def wait_for(entity, condition, timeout=4, polling=0.1):\n        # type: (object, IEntityCondition, int) -> object\n        end_time = time.time() + timeout\n        while True:\n            try:\n>               return condition.fn(entity)\n\n../../.local/share/virtualenvs/test_autotest-pPXbkCQg/lib/python3.6/site-packages/selene/wait.py:13: \n_ _ _ _ _ _ _ _ _ _ _ _ _ _ _ _ _ _ _ _ _ _ _ _ _ _ _ _ _ _ _ _ _ _ _ _ _ _ _ _ _ _ _ _ _ _ _ _ _ _ _ _ _ _ _ _ _ _ _ _ _ _ _ _ _ _ _ _ _ _ _ _ _ _ _ _ _ _ _ _ _ _ _ _ _ _ _ _ _ _ _ _ _ _\n\nself = <selene.conditions.ExactText object at 0x7f0271b00390>\nelement = <selenium.webdriver.remote.webelement.WebElement (session=\"c715cfaafd90ffe386f98c2bffd0039e\", element=\"dfafb9ab-ea32-4c88-9fed-81aa772125dd\")>\n\n    def fn(self, element):\n        # type: (SeleneElement) -> IWebElement\n>       return self.match(element.get_actual_webelement())\n\n../../.local/share/virtualenvs/test_autotest-pPXbkCQg/lib/python3.6/site-packages/selene/conditions.py:141: \n_ _ _ _ _ _ _ _ _ _ _ _ _ _ _ _ _ _ _ _ _ _ _ _ _ _ _ _ _ _ _ _ _ _ _ _ _ _ _ _ _ _ _ _ _ _ _ _ _ _ _ _ _ _ _ _ _ _ _ _ _ _ _ _ _ _ _ _ _ _ _ _ _ _ _ _ _ _ _ _ _ _ _ _ _ _ _ _ _ _ _ _ _ _\n\nself = <selene.conditions.ExactText object at 0x7f0271b00390>\nwebelement = <selenium.webdriver.remote.webelement.WebElement (session=\"c715cfaafd90ffe386f98c2bffd0039e\", element=\"dfafb9ab-ea32-4c88-9fed-81aa772125dd\")>\n\n    def match(self, webelement):\n        actual_text = webelement.text\n        if not self.expected_text == actual_text:\n>           raise ConditionMismatchException(expected=self.expected_text, actual=actual_text)\nE           selene.exceptions.ConditionMismatchException\n\n../../.local/share/virtualenvs/test_autotest-pPXbkCQg/lib/python3.6/site-packages/selene/conditions.py:246: ConditionMismatchException\n\nDuring handling of the above exception, another exception occurred:\n\nwebdriver = <selenium.webdriver.chrome.webdriver.WebDriver (session=\"c715cfaafd90ffe386f98c2bffd0039e\")>\nentity = <selenium.webdriver.remote.webelement.WebElement (session=\"c715cfaafd90ffe386f98c2bffd0039e\", element=\"dfafb9ab-ea32-4c88-9fed-81aa772125dd\")>\ncondition = <selene.conditions.ExactText object at 0x7f0271b00390>, timeout = 4, polling = 0.1\n\n    def _wait_with_screenshot(webdriver, entity, condition, timeout=None, polling=None):\n        if timeout is None:\n            timeout = config.timeout\n        if polling is None:\n            polling = config.poll_during_waits\n        try:\n>           return wait_for(entity, condition, timeout, polling)\n\n../../.local/share/virtualenvs/test_autotest-pPXbkCQg/lib/python3.6/site-packages/selene/elements.py:188: \n_ _ _ _ _ _ _ _ _ _ _ _ _ _ _ _ _ _ _ _ _ _ _ _ _ _ _ _ _ _ _ _ _ _ _ _ _ _ _ _ _ _ _ _ _ _ _ _ _ _ _ _ _ _ _ _ _ _ _ _ _ _ _ _ _ _ _ _ _ _ _ _ _ _ _ _ _ _ _ _ _ _ _ _ _ _ _ _ _ _ _ _ _ _\n\nentity = <selenium.webdriver.remote.webelement.WebElement (session=\"c715cfaafd90ffe386f98c2bffd0039e\", element=\"dfafb9ab-ea32-4c88-9fed-81aa772125dd\")>\ncondition = <selene.conditions.ExactText object at 0x7f0271b00390>, timeout = 4, polling = 0.1\n\n    def wait_for(entity, condition, timeout=4, polling=0.1):\n        # type: (object, IEntityCondition, int) -> object\n        end_time = time.time() + timeout\n        while True:\n            try:\n                return condition.fn(entity)\n            except Exception as reason:\n                reason_message = getattr(reason, 'msg',\n                                         getattr(reason, 'message',\n                                                 getattr(reason, 'args', '')))\n                if six.PY2:\n                    if isinstance(reason_message, unicode):\n                        reason_message = reason_message.encode('unicode-escape')\n                reason_string = '{name}: {message}'.format(name=reason.__class__.__name__, message=reason_message)\n                screen = getattr(reason, 'screen', None)\n                stacktrace = getattr(reason, 'stacktrace', None)\n    \n                if time.time() > end_time:\n                    raise TimeoutException('''\n                failed while waiting {timeout} seconds\n                to assert {condition}\n                for {entity}\n    \n                reason: {reason}'''.format(\n                        timeout=timeout,\n                        condition=condition.description(),\n                        entity=entity,\n>                       reason=reason_string), screen, stacktrace)\nE                   selenium.common.exceptions.TimeoutException: Message: \nE                               failed while waiting 4 seconds\nE                               to assert ExactText\nE                               for first_by('css selector', '.user-head__username')\nE                   \nE                               reason: ConditionMismatchException: condition did not match\nE                               \texpected: test\nE                               \t  actual: autotestnameKQIBQFKCOA\n\n../../.local/share/virtualenvs/test_autotest-pPXbkCQg/lib/python3.6/site-packages/selene/wait.py:35: TimeoutException\n\nDuring handling of the above exception, another exception occurred:\n\n    @allure.title('Первый тест')\n    def test_auth():\n        with allure.step('Переход на страницу авторизации'):\n            Header().open_auth()\n        with allure.step('Ввод логина и пароля'):\n            Login().auth(phone=test_user.phone, password=test_user.password)\n        with allure.step('Проверка авторизаци пользователя'):\n>           Header().login_name.should(have.exact_text('test'))\n\nsrc/tests/loginallure.py:28: \n_ _ _ _ _ _ _ _ _ _ _ _ _ _ _ _ _ _ _ _ _ _ _ _ _ _ _ _ _ _ _ _ _ _ _ _ _ _ _ _ _ _ _ _ _ _ _ _ _ _ _ _ _ _ _ _ _ _ _ _ _ _ _ _ _ _ _ _ _ _ _ _ _ _ _ _ _ _ _ _ _ _ _ _ _ _ _ _ _ _ _ _ _ _\n../../.local/share/virtualenvs/test_autotest-pPXbkCQg/lib/python3.6/site-packages/selene/elements.py:306: in should\n    _wait_with_screenshot(self._webdriver, self, condition, timeout)\n_ _ _ _ _ _ _ _ _ _ _ _ _ _ _ _ _ _ _ _ _ _ _ _ _ _ _ _ _ _ _ _ _ _ _ _ _ _ _ _ _ _ _ _ _ _ _ _ _ _ _ _ _ _ _ _ _ _ _ _ _ _ _ _ _ _ _ _ _ _ _ _ _ _ _ _ _ _ _ _ _ _ _ _ _ _ _ _ _ _ _ _ _ _\n\nwebdriver = <selenium.webdriver.chrome.webdriver.WebDriver (session=\"c715cfaafd90ffe386f98c2bffd0039e\")>\nentity = <selenium.webdriver.remote.webelement.WebElement (session=\"c715cfaafd90ffe386f98c2bffd0039e\", element=\"dfafb9ab-ea32-4c88-9fed-81aa772125dd\")>\ncondition = <selene.conditions.ExactText object at 0x7f0271b00390>, timeout = 4, polling = 0.1\n\n    def _wait_with_screenshot(webdriver, entity, condition, timeout=None, polling=None):\n        if timeout is None:\n            timeout = config.timeout\n        if polling is None:\n            polling = config.poll_during_waits\n        try:\n            return wait_for(entity, condition, timeout, polling)\n        except TimeoutException as e:\n            screenshot = helpers.take_screenshot(webdriver, )\n            msg = '''{original_msg}\n                screenshot: file://{screenshot}'''.format(original_msg=e.msg, screenshot=screenshot)\n>           raise TimeoutException(msg, e.screen, e.stacktrace)\nE           selenium.common.exceptions.TimeoutException: Message: \nE                       failed while waiting 4 seconds\nE                       to assert ExactText\nE                       for first_by('css selector', '.user-head__username')\nE           \nE                       reason: ConditionMismatchException: condition did not match\nE                       \texpected: test\nE                       \t  actual: autotestnameKQIBQFKCOA\nE                       screenshot: file:///home/aero/.selene/screenshots/1562189085929/screen_1562189085930.png\n\n../../.local/share/virtualenvs/test_autotest-pPXbkCQg/lib/python3.6/site-packages/selene/elements.py:193: TimeoutException"}, "steps": [{"name": "Переход на страницу авторизации", "status": "passed", "start": 1562189089559, "stop": 1562189090695}, {"name": "Ввод логина и пароля", "status": "passed", "start": 1562189090695, "stop": 1562189091033}, {"name": "Проверка авторизаци пользователя", "status": "broken", "statusDetails": {"message": "selenium.common.exceptions.TimeoutException: Message: \n            failed while waiting 4 seconds\n            to assert ExactText\n            for first_by('css selector', '.user-head__username')\n\n            reason: ConditionMismatchException: condition did not match\n            \texpected: test\n            \t  actual: autotestnameKQIBQFKCOA\n            screenshot: file:///home/aero/.selene/screenshots/1562189085929/screen_1562189085930.png\n\n", "trace": "  File \"/home/aero/PycharmProjects/test_autotest/src/tests/loginallure.py\", line 28, in test_auth\n    Header().login_name.should(have.exact_text('test'))\n  File \"/home/aero/.local/share/virtualenvs/test_autotest-pPXbkCQg/lib/python3.6/site-packages/selene/elements.py\", line 306, in should\n    _wait_with_screenshot(self._webdriver, self, condition, timeout)\n  File \"/home/aero/.local/share/virtualenvs/test_autotest-pPXbkCQg/lib/python3.6/site-packages/selene/elements.py\", line 193, in _wait_with_screenshot\n    raise TimeoutException(msg, e.screen, e.stacktrace)\n"}, "start": 1562189091033, "stop": 1562189095257}], "start": 1562189089559, "stop": 1562189095258, "uuid": "37f8b1aa-dd12-4c00-bb86-703b1435a4df", "historyId": "afae1260008ed042ae9e7c61fbaf6517", "fullName": "src.tests.loginallure#test_auth", "labels": [{"name": "parentSuite", "value": "src.tests"}, {"name": "suite", "value": "loginallure"}, {"name": "subSuite"}, {"name": "host", "value": "aero-Swift-SF314-52"}, {"name": "thread", "value": "12586-MainThread"}, {"name": "framework", "value": "pytest"}, {"name": "language", "value": "cpython3"}, {"name": "package", "value": "src.tests.loginallure"}]}